<?xml version="1.0" encoding="utf-8"?>
<?AutomationStudio Version="4.5.2.102"?>
<Objects>
  <Object
    Path="C:\Users\admin\Desktop\2lab_Morozov12.11.2019\Logical\Package.pkg"
    LogicalPath=""
    Type="Package.ParentUnknown"
    LastWriteTime="132168306928481569" />
  <Object
    Path="C:\Users\admin\Desktop\2lab_Morozov12.11.2019\Logical\Global.typ"
    LogicalPath="Global.typ"
    Type="File"
    LastWriteTime="131200402240000000"
    Private="false" />
  <Object
    Path="C:\Users\admin\Desktop\2lab_Morozov12.11.2019\Logical\Global.var"
    LogicalPath="Global.var"
    Type="File"
    LastWriteTime="132168298510824921"
    Private="false" />
  <Object
    Path="C:\Users\admin\Desktop\2lab_Morozov12.11.2019\Logical\Libraries\Package.pkg"
    LogicalPath="Libraries"
    Type="Package"
    LastWriteTime="132168316040836326" />
  <Object
    Path="C:\Users\admin\Desktop\2lab_Morozov12.11.2019\Logical\Libraries\Runtime\Binary.lby"
    LogicalPath="Libraries.Runtime"
    Type="Library"
    LastWriteTime="131091583340000000" />
  <Object
    Path="C:\Users\admin\Desktop\2lab_Morozov12.11.2019\Logical\Libraries\Runtime\runtime.fun"
    LogicalPath="Libraries.Runtime.runtime.fun"
    Type="File"
    LastWriteTime="131091583340000000"
    Private="false" />
  <Object
    Path="C:\Users\admin\Desktop\2lab_Morozov12.11.2019\Logical\Libraries\Runtime\runtime.typ"
    LogicalPath="Libraries.Runtime.runtime.typ"
    Type="File"
    LastWriteTime="131091583340000000"
    Private="false" />
  <Object
    Path="C:\Users\admin\Desktop\2lab_Morozov12.11.2019\Logical\Libraries\Runtime\runtime.var"
    LogicalPath="Libraries.Runtime.runtime.var"
    Type="File"
    LastWriteTime="131091583340000000"
    Private="false" />
  <Object
    Path="C:\Users\admin\Desktop\2lab_Morozov12.11.2019\Logical\Libraries\Operator\Binary.lby"
    LogicalPath="Libraries.Operator"
    Type="Library"
    LastWriteTime="131091583340000000" />
  <Object
    Path="C:\Users\admin\Desktop\2lab_Morozov12.11.2019\Logical\Libraries\Operator\operator.fun"
    LogicalPath="Libraries.Operator.operator.fun"
    Type="File"
    LastWriteTime="131091583340000000"
    Private="false" />
  <Object
    Path="C:\Users\admin\Desktop\2lab_Morozov12.11.2019\Logical\Libraries\Operator\operator.typ"
    LogicalPath="Libraries.Operator.operator.typ"
    Type="File"
    LastWriteTime="131091583340000000"
    Private="false" />
  <Object
    Path="C:\Users\admin\Desktop\2lab_Morozov12.11.2019\Logical\Libraries\Operator\operator.var"
    LogicalPath="Libraries.Operator.operator.var"
    Type="File"
    LastWriteTime="131091583340000000"
    Private="false" />
  <Object
    Path="C:\Users\admin\Desktop\2lab_Morozov12.11.2019\Logical\Libraries\AsIecCon\Binary.lby"
    LogicalPath="Libraries.AsIecCon"
    Type="Library"
    LastWriteTime="131091583340000000" />
  <Object
    Path="C:\Users\admin\Desktop\2lab_Morozov12.11.2019\Logical\Libraries\AsIecCon\AsIecCon.fun"
    LogicalPath="Libraries.AsIecCon.AsIecCon.fun"
    Type="File"
    LastWriteTime="131091583340000000"
    Private="false" />
  <Object
    Path="C:\Users\admin\Desktop\2lab_Morozov12.11.2019\Logical\Libraries\AsIecCon\AsIecCon.typ"
    LogicalPath="Libraries.AsIecCon.AsIecCon.typ"
    Type="File"
    LastWriteTime="131091583340000000"
    Private="false" />
  <Object
    Path="C:\Users\admin\Desktop\2lab_Morozov12.11.2019\Logical\Libraries\AsIecCon\AsIecCon.var"
    LogicalPath="Libraries.AsIecCon.AsIecCon.var"
    Type="File"
    LastWriteTime="131091583340000000"
    Private="false" />
  <Object
    Path="C:\Users\admin\Desktop\2lab_Morozov12.11.2019\Logical\Libraries\astime\Binary.lby"
    LogicalPath="Libraries.astime"
    Type="Library"
    LastWriteTime="131091583340000000" />
  <Object
    Path="C:\Users\admin\Desktop\2lab_Morozov12.11.2019\Logical\Libraries\astime\astime.fun"
    LogicalPath="Libraries.astime.astime.fun"
    Type="File"
    LastWriteTime="131091583340000000"
    Private="false" />
  <Object
    Path="C:\Users\admin\Desktop\2lab_Morozov12.11.2019\Logical\Libraries\astime\astime.typ"
    LogicalPath="Libraries.astime.astime.typ"
    Type="File"
    LastWriteTime="131091583340000000"
    Private="false" />
  <Object
    Path="C:\Users\admin\Desktop\2lab_Morozov12.11.2019\Logical\Libraries\astime\astime.var"
    LogicalPath="Libraries.astime.astime.var"
    Type="File"
    LastWriteTime="131091583340000000"
    Private="false" />
  <Object
    Path="C:\Users\admin\Desktop\2lab_Morozov12.11.2019\Logical\Libraries\sys_lib\Binary.lby"
    LogicalPath="Libraries.sys_lib"
    Type="Library"
    LastWriteTime="131194348100000000" />
  <Object
    Path="C:\Users\admin\Desktop\2lab_Morozov12.11.2019\Logical\Libraries\sys_lib\sys_lib.fun"
    LogicalPath="Libraries.sys_lib.sys_lib.fun"
    Type="File"
    LastWriteTime="131194348100000000"
    Private="false" />
  <Object
    Path="C:\Users\admin\Desktop\2lab_Morozov12.11.2019\Logical\Libraries\sys_lib\sys_lib.typ"
    LogicalPath="Libraries.sys_lib.sys_lib.typ"
    Type="File"
    LastWriteTime="131194348100000000"
    Private="false" />
  <Object
    Path="C:\Users\admin\Desktop\2lab_Morozov12.11.2019\Logical\Libraries\sys_lib\sys_lib.var"
    LogicalPath="Libraries.sys_lib.sys_lib.var"
    Type="File"
    LastWriteTime="131194348100000000"
    Private="false" />
  <Object
    Path="C:\Users\admin\Desktop\2lab_Morozov12.11.2019\Logical\Libraries\asstring\Binary.lby"
    LogicalPath="Libraries.asstring"
    Type="Library"
    LastWriteTime="131194348160000000" />
  <Object
    Path="C:\Users\admin\Desktop\2lab_Morozov12.11.2019\Logical\Libraries\asstring\asstring.fun"
    LogicalPath="Libraries.asstring.asstring.fun"
    Type="File"
    LastWriteTime="131194348160000000"
    Private="false" />
  <Object
    Path="C:\Users\admin\Desktop\2lab_Morozov12.11.2019\Logical\Libraries\asstring\asstring.typ"
    LogicalPath="Libraries.asstring.asstring.typ"
    Type="File"
    LastWriteTime="131194348160000000"
    Private="false" />
  <Object
    Path="C:\Users\admin\Desktop\2lab_Morozov12.11.2019\Logical\Libraries\asstring\asstring.var"
    LogicalPath="Libraries.asstring.asstring.var"
    Type="File"
    LastWriteTime="131194348160000000"
    Private="false" />
  <Object
    Path="C:\Users\admin\Desktop\2lab_Morozov12.11.2019\Logical\Libraries\Acp10man\Binary.lby"
    LogicalPath="Libraries.Acp10man"
    Type="Library"
    LastWriteTime="132168298377311562" />
  <Object
    Path="C:\Users\admin\Desktop\2lab_Morozov12.11.2019\Logical\Libraries\Acp10man\Acp10man.typ"
    LogicalPath="Libraries.Acp10man.Acp10man.typ"
    Type="File"
    LastWriteTime="132168298377311562"
    Private="false" />
  <Object
    Path="C:\Users\admin\Desktop\2lab_Morozov12.11.2019\Logical\Libraries\Acp10par\Binary.lby"
    LogicalPath="Libraries.Acp10par"
    Type="Library"
    LastWriteTime="132168298378158312" />
  <Object
    Path="C:\Users\admin\Desktop\2lab_Morozov12.11.2019\Logical\Libraries\Acp10par\Acp10par.var"
    LogicalPath="Libraries.Acp10par.Acp10par.var"
    Type="File"
    LastWriteTime="132168298378158312"
    Private="false" />
  <Object
    Path="C:\Users\admin\Desktop\2lab_Morozov12.11.2019\Logical\Libraries\NcGlobal\Binary.lby"
    LogicalPath="Libraries.NcGlobal"
    Type="Library"
    LastWriteTime="132168298378471087" />
  <Object
    Path="C:\Users\admin\Desktop\2lab_Morozov12.11.2019\Logical\Libraries\NcGlobal\NcGlobal.fun"
    LogicalPath="Libraries.NcGlobal.NcGlobal.fun"
    Type="File"
    LastWriteTime="132168298378471087"
    Private="false" />
  <Object
    Path="C:\Users\admin\Desktop\2lab_Morozov12.11.2019\Logical\Libraries\NcGlobal\NcGlobal.typ"
    LogicalPath="Libraries.NcGlobal.NcGlobal.typ"
    Type="File"
    LastWriteTime="132168298378471087"
    Private="false" />
  <Object
    Path="C:\Users\admin\Desktop\2lab_Morozov12.11.2019\Logical\Libraries\NcGlobal\NcGlobal.var"
    LogicalPath="Libraries.NcGlobal.NcGlobal.var"
    Type="File"
    LastWriteTime="132168298378471087"
    Private="false" />
  <Object
    Path="C:\Users\admin\Desktop\2lab_Morozov12.11.2019\Logical\Libraries\Acp10sdc\binary.lby"
    LogicalPath="Libraries.Acp10sdc"
    Type="Library"
    LastWriteTime="132168298473177749" />
  <Object
    Path="C:\Users\admin\Desktop\2lab_Morozov12.11.2019\Logical\Libraries\Acp10sdc\acp10sdc.var"
    LogicalPath="Libraries.Acp10sdc.acp10sdc.var"
    Type="File"
    LastWriteTime="132168298473177749"
    Private="false" />
  <Object
    Path="C:\Users\admin\Desktop\2lab_Morozov12.11.2019\Logical\Libraries\Acp10sdc\acp10sdc.typ"
    LogicalPath="Libraries.Acp10sdc.acp10sdc.typ"
    Type="File"
    LastWriteTime="132168298473177749"
    Private="false" />
  <Object
    Path="C:\Users\admin\Desktop\2lab_Morozov12.11.2019\Logical\Libraries\Acp10_MC\binary.lby"
    LogicalPath="Libraries.Acp10_MC"
    Type="Library"
    LastWriteTime="132168298481300568" />
  <Object
    Path="C:\Users\admin\Desktop\2lab_Morozov12.11.2019\Logical\Libraries\Acp10_MC\acp10_mc.fun"
    LogicalPath="Libraries.Acp10_MC.acp10_mc.fun"
    Type="File"
    LastWriteTime="132168298481144637"
    Private="false" />
  <Object
    Path="C:\Users\admin\Desktop\2lab_Morozov12.11.2019\Logical\Libraries\Acp10_MC\acp10_mc.typ"
    LogicalPath="Libraries.Acp10_MC.acp10_mc.typ"
    Type="File"
    LastWriteTime="132168298481300568"
    Private="false" />
  <Object
    Path="C:\Users\admin\Desktop\2lab_Morozov12.11.2019\Logical\Libraries\Acp10_MC\acp10_mc.var"
    LogicalPath="Libraries.Acp10_MC.acp10_mc.var"
    Type="File"
    LastWriteTime="132168298481300568"
    Private="false" />
  <Object
    Path="C:\Users\admin\Desktop\2lab_Morozov12.11.2019\Logical\Libraries\brsystem\binary.lby"
    LogicalPath="Libraries.brsystem"
    Type="Library"
    LastWriteTime="132168298482081912" />
  <Object
    Path="C:\Users\admin\Desktop\2lab_Morozov12.11.2019\Logical\Libraries\brsystem\brsystem.fun"
    LogicalPath="Libraries.brsystem.brsystem.fun"
    Type="File"
    LastWriteTime="132168298481925476"
    Private="false" />
  <Object
    Path="C:\Users\admin\Desktop\2lab_Morozov12.11.2019\Logical\Libraries\brsystem\brsystem.typ"
    LogicalPath="Libraries.brsystem.brsystem.typ"
    Type="File"
    LastWriteTime="132168298481925476"
    Private="false" />
  <Object
    Path="C:\Users\admin\Desktop\2lab_Morozov12.11.2019\Logical\Libraries\brsystem\brsystem.var"
    LogicalPath="Libraries.brsystem.brsystem.var"
    Type="File"
    LastWriteTime="132168298482081912"
    Private="false" />
  <Object
    Path="C:\Users\admin\Desktop\2lab_Morozov12.11.2019\Logical\Libraries\AsBrStr\binary.lby"
    LogicalPath="Libraries.AsBrStr"
    Type="Library"
    LastWriteTime="132168298493797928" />
  <Object
    Path="C:\Users\admin\Desktop\2lab_Morozov12.11.2019\Logical\Libraries\AsBrStr\AsBrStr.fun"
    LogicalPath="Libraries.AsBrStr.AsBrStr.fun"
    Type="File"
    LastWriteTime="132168298493797928"
    Private="false" />
  <Object
    Path="C:\Users\admin\Desktop\2lab_Morozov12.11.2019\Logical\Libraries\AsBrStr\AsBrStr.typ"
    LogicalPath="Libraries.AsBrStr.AsBrStr.typ"
    Type="File"
    LastWriteTime="132168298493797928"
    Private="false" />
  <Object
    Path="C:\Users\admin\Desktop\2lab_Morozov12.11.2019\Logical\Libraries\AsBrStr\AsBrStr.var"
    LogicalPath="Libraries.AsBrStr.AsBrStr.var"
    Type="File"
    LastWriteTime="132168298493797928"
    Private="false" />
  <Object
    Path="C:\Users\admin\Desktop\2lab_Morozov12.11.2019\Logical\Libraries\DriveLib\ANSIC.lby"
    LogicalPath="Libraries.DriveLib"
    Type="Library"
    LastWriteTime="132169171529727913" />
  <Object
    Path="C:\Users\admin\Desktop\2lab_Morozov12.11.2019\Logical\Libraries\DriveLib\Types.typ"
    LogicalPath="Libraries.DriveLib.Types.typ"
    Type="File"
    LastWriteTime="132179575115494257"
    Private="false" />
  <Object
    Path="C:\Users\admin\Desktop\2lab_Morozov12.11.2019\Logical\Libraries\DriveLib\Constants.var"
    LogicalPath="Libraries.DriveLib.Constants.var"
    Type="File"
    LastWriteTime="132169206666523946"
    Private="false" />
  <Object
    Path="C:\Users\admin\Desktop\2lab_Morozov12.11.2019\Logical\Libraries\DriveLib\DriveLib.fun"
    LogicalPath="Libraries.DriveLib.DriveLib.fun"
    Type="File"
    LastWriteTime="132179559596923545"
    Private="false" />
  <Object
    Path="C:\Users\admin\Desktop\2lab_Morozov12.11.2019\Logical\Libraries\DriveLib\DriveStateMachine.c"
    LogicalPath="Libraries.DriveLib.DriveStateMachine.c"
    Type="File"
    LastWriteTime="132179574370057345"
    Private="false" />
  <Object
    Path="C:\Users\admin\Desktop\2lab_Morozov12.11.2019\Logical\Libraries\DriveLib\DoorStateMachine.c"
    LogicalPath="Libraries.DriveLib.DoorStateMachine.c"
    Type="File"
    LastWriteTime="132179613676981278"
    Private="false" />
  <Object
    Path="C:\Users\admin\Desktop\2lab_Morozov12.11.2019\Logical\Libraries\DriveLib\LedStateMachine.c"
    LogicalPath="Libraries.DriveLib.LedStateMachine.c"
    Type="File"
    LastWriteTime="132180350459519472"
    Private="false" />
  <Object
    Path="C:\Users\admin\Desktop\2lab_Morozov12.11.2019\Logical\ncsdcctrl\IEC.prg"
    LogicalPath="ncsdcctrl"
    Type="Program"
    LastWriteTime="132168298350927380" />
  <Object
    Path="C:\Users\admin\Desktop\2lab_Morozov12.11.2019\Logical\ncsdcctrl\ncsdcctrlCyclic.st"
    LogicalPath="ncsdcctrl.ncsdcctrlCyclic.st"
    Type="File"
    LastWriteTime="132168298362114378"
    Private="false" />
  <Object
    Path="C:\Users\admin\Desktop\2lab_Morozov12.11.2019\Logical\ncsdcctrl\ncsdcctrlInit.st"
    LogicalPath="ncsdcctrl.ncsdcctrlInit.st"
    Type="File"
    LastWriteTime="132168298361958167"
    Private="false" />
  <Object
    Path="C:\Users\admin\Desktop\2lab_Morozov12.11.2019\Logical\ncsdcctrl\ncsdcctrl.typ"
    LogicalPath="ncsdcctrl.ncsdcctrl.typ"
    Type="File"
    LastWriteTime="132168298361958167"
    Private="true" />
  <Object
    Path="C:\Users\admin\Desktop\2lab_Morozov12.11.2019\Logical\ncsdcctrl\ncsdcctrl.var"
    LogicalPath="ncsdcctrl.ncsdcctrl.var"
    Type="File"
    LastWriteTime="132168298361958167"
    Private="true" />
  <Object
    Path="C:\Users\admin\Desktop\2lab_Morozov12.11.2019\Logical\acp10etxen\Ett.dob"
    LogicalPath="acp10etxen"
    Type="DataObject"
    LastWriteTime="132168298465835713" />
  <Object
    Path="C:\Users\admin\Desktop\2lab_Morozov12.11.2019\Logical\acp10etxen\acp10etxen.ett"
    LogicalPath="acp10etxen.acp10etxen.ett"
    Type="File"
    LastWriteTime="132168298466460288"
    Private="false" />
  <Object
    Path="C:\Users\admin\Desktop\2lab_Morozov12.11.2019\Logical\gAxis01obj\Package.pkg"
    LogicalPath="gAxis01obj"
    Type="Package"
    LastWriteTime="132168298500671285" />
  <Object
    Path="C:\Users\admin\Desktop\2lab_Morozov12.11.2019\Logical\gAxis01obj\gAxis01a\Apt.dob"
    LogicalPath="gAxis01obj.gAxis01a"
    Type="DataObject"
    LastWriteTime="132168298498328117" />
  <Object
    Path="C:\Users\admin\Desktop\2lab_Morozov12.11.2019\Logical\gAxis01obj\gAxis01a\gAxis01a.apt"
    LogicalPath="gAxis01obj.gAxis01a.gAxis01a.apt"
    Type="File"
    LastWriteTime="132168298498640401"
    Private="false" />
  <Object
    Path="C:\Users\admin\Desktop\2lab_Morozov12.11.2019\Logical\gAxis01obj\gAxis01i\Ax.dob"
    LogicalPath="gAxis01obj.gAxis01i"
    Type="DataObject"
    LastWriteTime="132168298499265120" />
  <Object
    Path="C:\Users\admin\Desktop\2lab_Morozov12.11.2019\Logical\gAxis01obj\gAxis01i\gAxis01i.ax"
    LogicalPath="gAxis01obj.gAxis01i.gAxis01i.ax"
    Type="File"
    LastWriteTime="132168298500514822"
    Private="false" />
  <Object
    Path="C:\Users\admin\Desktop\2lab_Morozov12.11.2019\Logical\Program\ANSIC.prg"
    LogicalPath="Program"
    Type="Program"
    LastWriteTime="132168306928481569" />
  <Object
    Path="C:\Users\admin\Desktop\2lab_Morozov12.11.2019\Logical\Program\Cyclic.c"
    LogicalPath="Program.Cyclic.c"
    Type="File"
    LastWriteTime="132179631337197118"
    Private="false" />
  <Object
    Path="C:\Users\admin\Desktop\2lab_Morozov12.11.2019\Logical\Program\Init.c"
    LogicalPath="Program.Init.c"
    Type="File"
    LastWriteTime="132179562405961884"
    Private="false" />
  <Object
    Path="C:\Users\admin\Desktop\2lab_Morozov12.11.2019\Logical\Program\Exit.c"
    LogicalPath="Program.Exit.c"
    Type="File"
    LastWriteTime="132168306928325682"
    Private="false" />
  <Object
    Path="C:\Users\admin\Desktop\2lab_Morozov12.11.2019\Logical\Program\Types.typ"
    LogicalPath="Program.Types.typ"
    Type="File"
    LastWriteTime="132168306928325682"
    Private="true" />
  <Object
    Path="C:\Users\admin\Desktop\2lab_Morozov12.11.2019\Logical\Program\Variables.var"
    LogicalPath="Program.Variables.var"
    Type="File"
    LastWriteTime="132179556441319474"
    Private="true" />
  <Object
    Path="C:\Users\admin\Desktop\2lab_Morozov12.11.2019\Physical\SampleText\Config.pkg"
    LogicalPath="SampleText"
    Type="Configuration.ParentUnknown"
    LastWriteTime="131194339020000000" />
  <Object
    Path="C:\Users\admin\Desktop\2lab_Morozov12.11.2019\Physical\SampleText\Hardware.hw"
    LogicalPath="SampleText.Hardware.hw"
    Type="File"
    LastWriteTime="132180314916007949"
    Private="false" />
  <Object
    Path="C:\Users\admin\Desktop\2lab_Morozov12.11.2019\Physical\SampleText\Hardware.hwl"
    LogicalPath="SampleText.Hardware.hwl"
    Type="File"
    LastWriteTime="132180321023235731"
    Private="false" />
  <Object
    Path="C:\Users\admin\Desktop\2lab_Morozov12.11.2019\Physical\SampleText\4PP065_0571_P74\Cpu.pkg"
    LogicalPath="SampleText.4PP065_0571_P74"
    Type="Cpu"
    LastWriteTime="132179588640849139" />
  <Object
    Path="C:\Users\admin\Desktop\2lab_Morozov12.11.2019\Physical\SampleText\4PP065_0571_P74\Cpu.sw"
    LogicalPath="SampleText.4PP065_0571_P74.Cpu.sw"
    Type="File"
    LastWriteTime="132175025464577719"
    Private="false" />
  <Object
    Path="C:\Users\admin\Desktop\2lab_Morozov12.11.2019\Physical\SampleText\4PP065_0571_P74\Cpu.per"
    LogicalPath="SampleText.4PP065_0571_P74.Cpu.per"
    Type="File"
    LastWriteTime="131194339000000000"
    Private="false" />
  <Object
    Path="C:\Users\admin\Desktop\2lab_Morozov12.11.2019\Physical\SampleText\4PP065_0571_P74\IoMap.iom"
    LogicalPath="SampleText.4PP065_0571_P74.IoMap.iom"
    Type="File"
    LastWriteTime="132179560336930990"
    Private="false" />
  <Object
    Path="C:\Users\admin\Desktop\2lab_Morozov12.11.2019\Physical\SampleText\4PP065_0571_P74\PvMap.vvm"
    LogicalPath="SampleText.4PP065_0571_P74.PvMap.vvm"
    Type="File"
    LastWriteTime="131194339000000000"
    Private="false" />
  <Object
    Path="C:\Users\admin\Desktop\2lab_Morozov12.11.2019\Physical\SampleText\4PP065_0571_P74\mapp\Package.pkg"
    LogicalPath="SampleText.4PP065_0571_P74.mapp"
    Type="Package"
    LastWriteTime="131194339000000000" />
  <Object
    Path="C:\Users\admin\Desktop\2lab_Morozov12.11.2019\Physical\SampleText\4PP065_0571_P74\Connectivity\Package.pkg"
    LogicalPath="SampleText.4PP065_0571_P74.Connectivity"
    Type="Package"
    LastWriteTime="131194339000000000" />
  <Object
    Path="C:\Users\admin\Desktop\2lab_Morozov12.11.2019\Physical\SampleText\4PP065_0571_P74\Connectivity\OpcUA\Package.pkg"
    LogicalPath="SampleText.4PP065_0571_P74.Connectivity.OpcUA"
    Type="Package"
    LastWriteTime="131194339000000000" />
  <Object
    Path="C:\Users\admin\Desktop\2lab_Morozov12.11.2019\Physical\SampleText\4PP065_0571_P74\TextSystem\Package.pkg"
    LogicalPath="SampleText.4PP065_0571_P74.TextSystem"
    Type="Package"
    LastWriteTime="131194339000000000" />
  <Object
    Path="C:\Users\admin\Desktop\2lab_Morozov12.11.2019\Physical\SampleText\4PP065_0571_P74\AccessAndSecurity\Package.pkg"
    LogicalPath="SampleText.4PP065_0571_P74.AccessAndSecurity"
    Type="Package"
    LastWriteTime="131194339000000000" />
  <Object
    Path="C:\Users\admin\Desktop\2lab_Morozov12.11.2019\Physical\SampleText\4PP065_0571_P74\AccessAndSecurity\UserRoleSystem\Package.pkg"
    LogicalPath="SampleText.4PP065_0571_P74.AccessAndSecurity.UserRoleSystem"
    Type="Package"
    LastWriteTime="131194339000000000" />
  <Object
    Path="C:\Users\admin\Desktop\2lab_Morozov12.11.2019\Physical\SampleText\4PP065_0571_P74\AccessAndSecurity\UserRoleSystem\Role.role"
    LogicalPath="SampleText.4PP065_0571_P74.AccessAndSecurity.UserRoleSystem.Role.role"
    Type="File"
    LastWriteTime="131194339000000000"
    Private="false" />
  <Object
    Path="C:\Users\admin\Desktop\2lab_Morozov12.11.2019\Physical\SampleText\4PP065_0571_P74\AccessAndSecurity\UserRoleSystem\User.user"
    LogicalPath="SampleText.4PP065_0571_P74.AccessAndSecurity.UserRoleSystem.User.user"
    Type="File"
    LastWriteTime="131194339000000000"
    Private="false" />
  <Object
    Path="C:\Users\admin\Desktop\2lab_Morozov12.11.2019\Physical\SampleText\4PP065_0571_P74\AccessAndSecurity\CertificateStore\Package.pkg"
    LogicalPath="SampleText.4PP065_0571_P74.AccessAndSecurity.CertificateStore"
    Type="Package"
    LastWriteTime="131194339000000000" />
  <Object
    Path="C:\Users\admin\Desktop\2lab_Morozov12.11.2019\Physical\SampleText\4PP065_0571_P74\AccessAndSecurity\CertificateStore\OwnCertificates\Package.pkg"
    LogicalPath="SampleText.4PP065_0571_P74.AccessAndSecurity.CertificateStore.OwnCertificates"
    Type="Package"
    LastWriteTime="131194339000000000" />
  <Object
    Path="C:\Users\admin\Desktop\2lab_Morozov12.11.2019\Physical\SampleText\4PP065_0571_P74\AccessAndSecurity\CertificateStore\OwnCertificates\Certificates\Package.pkg"
    LogicalPath="SampleText.4PP065_0571_P74.AccessAndSecurity.CertificateStore.OwnCertificates.Certificates"
    Type="Package"
    LastWriteTime="131194339000000000" />
  <Object
    Path="C:\Users\admin\Desktop\2lab_Morozov12.11.2019\Physical\SampleText\4PP065_0571_P74\AccessAndSecurity\CertificateStore\OwnCertificates\PrivateKeys\Package.pkg"
    LogicalPath="SampleText.4PP065_0571_P74.AccessAndSecurity.CertificateStore.OwnCertificates.PrivateKeys"
    Type="Package"
    LastWriteTime="131194339000000000" />
  <Object
    Path="C:\Users\admin\Desktop\2lab_Morozov12.11.2019\Physical\SampleText\4PP065_0571_P74\AccessAndSecurity\CertificateStore\ThirdPartyCertificates\Package.pkg"
    LogicalPath="SampleText.4PP065_0571_P74.AccessAndSecurity.CertificateStore.ThirdPartyCertificates"
    Type="Package"
    LastWriteTime="131194339000000000" />
  <Object
    Path="C:\Users\admin\Desktop\2lab_Morozov12.11.2019\Physical\SampleText\4PP065_0571_P74\AccessAndSecurity\CertificateStore\ThirdPartyCertificates\SoftwareCertificates\Package.pkg"
    LogicalPath="SampleText.4PP065_0571_P74.AccessAndSecurity.CertificateStore.ThirdPartyCertificates.SoftwareCertificates"
    Type="Package"
    LastWriteTime="131194339000000000" />
  <Object
    Path="C:\Users\admin\Desktop\2lab_Morozov12.11.2019\Physical\SampleText\4PP065_0571_P74\AccessAndSecurity\CertificateStore\CertificateRevocationLists\Package.pkg"
    LogicalPath="SampleText.4PP065_0571_P74.AccessAndSecurity.CertificateStore.CertificateRevocationLists"
    Type="Package"
    LastWriteTime="131194339000000000" />
  <Object
    Path="C:\Users\admin\Desktop\2lab_Morozov12.11.2019\Physical\SampleText\4PP065_0571_P74\AccessAndSecurity\CertificateStore\CertificateSigningRequests\Package.pkg"
    LogicalPath="SampleText.4PP065_0571_P74.AccessAndSecurity.CertificateStore.CertificateSigningRequests"
    Type="Package"
    LastWriteTime="131194339000000000" />
  <Object
    Path="C:\Users\admin\Desktop\2lab_Morozov12.11.2019\Physical\SampleText\4PP065_0571_P74\AccessAndSecurity\TransportLayerSecurity\Package.pkg"
    LogicalPath="SampleText.4PP065_0571_P74.AccessAndSecurity.TransportLayerSecurity"
    Type="Package"
    LastWriteTime="131194339000000000" />
  <Object
    Path="C:\Users\admin\Desktop\2lab_Morozov12.11.2019\Physical\SampleText\4PP065_0571_P74\Motion\Package.pkg"
    LogicalPath="SampleText.4PP065_0571_P74.Motion"
    Type="Package"
    LastWriteTime="132168298383860474" />
  <Object
    Path="C:\Users\admin\Desktop\2lab_Morozov12.11.2019\Physical\SampleText\4PP065_0571_P74\Motion\Acp10map.ncm"
    LogicalPath="SampleText.4PP065_0571_P74.Motion.Acp10map.ncm"
    Type="File"
    LastWriteTime="132168303148503870"
    Private="false" />
  <Object
    Path="C:\Users\admin\Desktop\2lab_Morozov12.11.2019\Physical\SampleText\4PP065_0571_P74\Motion\Acp10cfg.ncc"
    LogicalPath="SampleText.4PP065_0571_P74.Motion.Acp10cfg.ncc"
    Type="File"
    LastWriteTime="132168298465523007"
    Private="false" />
  <Object
    Path="C:\Users\admin\Desktop\2lab_Morozov12.11.2019\Physical\SampleText\4PP065_0571_P74\Motion\Acp10sys.br"
    LogicalPath="SampleText.4PP065_0571_P74.Motion.Acp10sys.br"
    Type="File"
    LastWriteTime="132168298384706594"
    Private="false" />
  <Object
    Path="C:\Users\admin\Desktop\2lab_Morozov12.11.2019\Physical\SampleText\Hardware.jpg"
    LogicalPath="SampleText.Hardware.jpg"
    Type="File"
    LastWriteTime="132180339232529057"
    Private="false" />
</Objects>